<?xml version="1.0" encoding="UTF-8"?>
<!-- Generated by org.testng.reporters.JUnitReportReporter -->
<testsuite hostname="Surendra" name="Abc" tests="3" failures="0" timestamp="28 Feb 2018 10:24:13 GMT" time="0.015" errors="0">
  <testcase name="abcTest" time="0.011" classname="Abc"/>
  <testcase name="abcTest" time="0.002" classname="Abc"/>
  <testcase name="abcTest" time="0.002" classname="Abc"/>
</testsuite> <!-- Abc -->
