<?xml version="1.0" encoding="UTF-8"?>
<!-- Generated by org.testng.reporters.JUnitReportReporter -->
<testsuite hostname="Surendra" name="com.crm.endtoendtest.EndToEndTest" tests="1" failures="0" timestamp="26 Feb 2018 07:30:09 GMT" time="87.626" errors="0">
  <testcase name="deleteOrgWhenOrgContainsContact_OpertunityTest" time="87.626" classname="com.crm.endtoendtest.EndToEndTest"/>
</testsuite> <!-- com.crm.endtoendtest.EndToEndTest -->
