<?xml version="1.0" encoding="UTF-8"?>
<!-- Generated by org.testng.reporters.JUnitReportReporter -->
<testsuite hostname="Surendra" name="com.crm.organizationtest.OrganizationTest" tests="2" failures="0" timestamp="22 Feb 2018 15:35:44 GMT" time="29.483" errors="0">
  <testcase name="createOrganizationWithOrganizationTypeTest" time="14.320" classname="com.crm.organizationtest.OrganizationTest"/>
  <testcase name="createOrganizationTest" time="15.163" classname="com.crm.organizationtest.OrganizationTest"/>
</testsuite> <!-- com.crm.organizationtest.OrganizationTest -->
