<?xml version="1.0" encoding="UTF-8"?>
<!-- Generated by org.testng.reporters.JUnitReportReporter -->
<testsuite hostname="Surendra" name="com.crm.contacttest.ContactTest" tests="3" failures="0" timestamp="3 Mar 2018 06:09:31 GMT" time="116.679" errors="0">
  <testcase name="createContactWithImageTest" time="32.479" classname="com.crm.contacttest.ContactTest"/>
  <testcase name="createContactTest" time="47.775" classname="com.crm.contacttest.ContactTest"/>
  <testcase name="createContactWithOrganizationTest" time="36.425" classname="com.crm.contacttest.ContactTest"/>
</testsuite> <!-- com.crm.contacttest.ContactTest -->
