<?xml version="1.0" encoding="UTF-8"?>
<!-- Generated by org.testng.reporters.JUnitReportReporter -->
<testsuite hostname="Surendra" name="com.crm.organizationtest.aaa" tests="1" failures="0" timestamp="21 Feb 2018 09:24:30 GMT" time="8.981" errors="0">
  <testcase name="createOrg" time="8.981" classname="com.crm.organizationtest.aaa"/>
</testsuite> <!-- com.crm.organizationtest.aaa -->
