<?xml version="1.0" encoding="UTF-8"?>
<!-- Generated by org.testng.reporters.JUnitXMLReporter -->
<testsuite hostname="Surendra" name="Test-runner-1" tests="0" failures="0" timestamp="20 Feb 2018 13:07:32 GMT" time="11.635" errors="0">
</testsuite> <!-- Test-runner-1 -->
