<?xml version="1.0" encoding="UTF-8"?>
<!-- Generated by org.testng.reporters.JUnitXMLReporter -->
<testsuite hostname="Surendra" name="Test-runner-1" tests="0" failures="0" timestamp="21 Feb 2018 13:40:43 GMT" time="17.746" errors="0">
</testsuite> <!-- Test-runner-1 -->
